<?xml version="1.0" encoding="UTF-8"?>
<testsuites>
  <testsuite name="fastlane.lanes">
    
    
    
      
      <testcase classname="fastlane.lanes" name="0: default_platform" time="0.000261">
        
      </testcase>
    
      
      <testcase classname="fastlane.lanes" name="1: clean" time="2.023287">
        
      </testcase>
    
      
      <testcase classname="fastlane.lanes" name="2: Switch to android bundleRelease lane" time="0.000517">
        
      </testcase>
    
      
      <testcase classname="fastlane.lanes" name="3: bundleRelease" time="5.869226">
        
          <failure message="/Users/jesusdmedinac/.rvm/gems/ext-ruby-3.3.3/gems/fastlane-2.221.1/fastlane/lib/fastlane/actions/actions_helper.rb:67:in `execute_action&apos;&#10;/Users/jesusdmedinac/.rvm/gems/ext-ruby-3.3.3/gems/fastlane-2.221.1/fastlane/lib/fastlane/runner.rb:255:in `block in execute_action&apos;&#10;/Users/jesusdmedinac/.rvm/gems/ext-ruby-3.3.3/gems/fastlane-2.221.1/fastlane/lib/fastlane/runner.rb:229:in `chdir&apos;&#10;/Users/jesusdmedinac/.rvm/gems/ext-ruby-3.3.3/gems/fastlane-2.221.1/fastlane/lib/fastlane/runner.rb:229:in `execute_action&apos;&#10;/Users/jesusdmedinac/.rvm/gems/ext-ruby-3.3.3/gems/fastlane-2.221.1/fastlane/lib/fastlane/runner.rb:157:in `trigger_action_by_name&apos;&#10;/Users/jesusdmedinac/.rvm/gems/ext-ruby-3.3.3/gems/fastlane-2.221.1/fastlane/lib/fastlane/fast_file.rb:159:in `method_missing&apos;&#10;Fastfile:22:in `block (2 levels) in parsing_binding&apos;&#10;/Users/jesusdmedinac/.rvm/gems/ext-ruby-3.3.3/gems/fastlane-2.221.1/fastlane/lib/fastlane/lane.rb:41:in `call&apos;&#10;/Users/jesusdmedinac/.rvm/gems/ext-ruby-3.3.3/gems/fastlane-2.221.1/fastlane/lib/fastlane/runner.rb:204:in `try_switch_to_lane&apos;&#10;/Users/jesusdmedinac/.rvm/gems/ext-ruby-3.3.3/gems/fastlane-2.221.1/fastlane/lib/fastlane/runner.rb:146:in `trigger_action_by_name&apos;&#10;/Users/jesusdmedinac/.rvm/gems/ext-ruby-3.3.3/gems/fastlane-2.221.1/fastlane/lib/fastlane/fast_file.rb:159:in `method_missing&apos;&#10;Fastfile:58:in `block (2 levels) in parsing_binding&apos;&#10;/Users/jesusdmedinac/.rvm/gems/ext-ruby-3.3.3/gems/fastlane-2.221.1/fastlane/lib/fastlane/lane.rb:41:in `call&apos;&#10;/Users/jesusdmedinac/.rvm/gems/ext-ruby-3.3.3/gems/fastlane-2.221.1/fastlane/lib/fastlane/runner.rb:49:in `block in execute&apos;&#10;/Users/jesusdmedinac/.rvm/gems/ext-ruby-3.3.3/gems/fastlane-2.221.1/fastlane/lib/fastlane/runner.rb:45:in `chdir&apos;&#10;/Users/jesusdmedinac/.rvm/gems/ext-ruby-3.3.3/gems/fastlane-2.221.1/fastlane/lib/fastlane/runner.rb:45:in `execute&apos;&#10;/Users/jesusdmedinac/.rvm/gems/ext-ruby-3.3.3/gems/fastlane-2.221.1/fastlane/lib/fastlane/lane_manager.rb:46:in `cruise_lane&apos;&#10;/Users/jesusdmedinac/.rvm/gems/ext-ruby-3.3.3/gems/fastlane-2.221.1/fastlane/lib/fastlane/command_line_handler.rb:34:in `handle&apos;&#10;/Users/jesusdmedinac/.rvm/gems/ext-ruby-3.3.3/gems/fastlane-2.221.1/fastlane/lib/fastlane/commands_generator.rb:110:in `block (2 levels) in run&apos;&#10;/Users/jesusdmedinac/.rvm/gems/ext-ruby-3.3.3/gems/commander-4.6.0/lib/commander/command.rb:187:in `call&apos;&#10;/Users/jesusdmedinac/.rvm/gems/ext-ruby-3.3.3/gems/commander-4.6.0/lib/commander/command.rb:157:in `run&apos;&#10;/Users/jesusdmedinac/.rvm/gems/ext-ruby-3.3.3/gems/commander-4.6.0/lib/commander/runner.rb:444:in `run_active_command&apos;&#10;/Users/jesusdmedinac/.rvm/gems/ext-ruby-3.3.3/gems/fastlane-2.221.1/fastlane_core/lib/fastlane_core/ui/fastlane_runner.rb:124:in `run!&apos;&#10;/Users/jesusdmedinac/.rvm/gems/ext-ruby-3.3.3/gems/commander-4.6.0/lib/commander/delegates.rb:18:in `run!&apos;&#10;/Users/jesusdmedinac/.rvm/gems/ext-ruby-3.3.3/gems/fastlane-2.221.1/fastlane/lib/fastlane/commands_generator.rb:363:in `run&apos;&#10;/Users/jesusdmedinac/.rvm/gems/ext-ruby-3.3.3/gems/fastlane-2.221.1/fastlane/lib/fastlane/commands_generator.rb:43:in `start&apos;&#10;/Users/jesusdmedinac/.rvm/gems/ext-ruby-3.3.3/gems/fastlane-2.221.1/fastlane/lib/fastlane/cli_tools_distributor.rb:123:in `take_off&apos;&#10;/Users/jesusdmedinac/.rvm/gems/ext-ruby-3.3.3/gems/fastlane-2.221.1/bin/fastlane:23:in `&lt;top (required)&gt;&apos;&#10;/Users/jesusdmedinac/.rvm/gems/ext-ruby-3.3.3/bin/fastlane:25:in `load&apos;&#10;/Users/jesusdmedinac/.rvm/gems/ext-ruby-3.3.3/bin/fastlane:25:in `&lt;top (required)&gt;&apos;&#10;/opt/homebrew/Cellar/ruby/3.3.3/lib/ruby/3.3.0/bundler/cli/exec.rb:58:in `load&apos;&#10;/opt/homebrew/Cellar/ruby/3.3.3/lib/ruby/3.3.0/bundler/cli/exec.rb:58:in `kernel_load&apos;&#10;/opt/homebrew/Cellar/ruby/3.3.3/lib/ruby/3.3.0/bundler/cli/exec.rb:23:in `run&apos;&#10;/opt/homebrew/Cellar/ruby/3.3.3/lib/ruby/3.3.0/bundler/cli.rb:455:in `exec&apos;&#10;/opt/homebrew/Cellar/ruby/3.3.3/lib/ruby/3.3.0/bundler/vendor/thor/lib/thor/command.rb:28:in `run&apos;&#10;/opt/homebrew/Cellar/ruby/3.3.3/lib/ruby/3.3.0/bundler/vendor/thor/lib/thor/invocation.rb:127:in `invoke_command&apos;&#10;/opt/homebrew/Cellar/ruby/3.3.3/lib/ruby/3.3.0/bundler/vendor/thor/lib/thor.rb:527:in `dispatch&apos;&#10;/opt/homebrew/Cellar/ruby/3.3.3/lib/ruby/3.3.0/bundler/cli.rb:35:in `dispatch&apos;&#10;/opt/homebrew/Cellar/ruby/3.3.3/lib/ruby/3.3.0/bundler/vendor/thor/lib/thor/base.rb:584:in `start&apos;&#10;/opt/homebrew/Cellar/ruby/3.3.3/lib/ruby/3.3.0/bundler/cli.rb:29:in `start&apos;&#10;/opt/homebrew/Cellar/ruby/3.3.3/lib/ruby/gems/3.3.0/gems/bundler-2.5.11/exe/bundle:28:in `block in &lt;top (required)&gt;&apos;&#10;/opt/homebrew/Cellar/ruby/3.3.3/lib/ruby/3.3.0/bundler/friendly_errors.rb:117:in `with_friendly_errors&apos;&#10;/opt/homebrew/Cellar/ruby/3.3.3/lib/ruby/gems/3.3.0/gems/bundler-2.5.11/exe/bundle:20:in `&lt;top (required)&gt;&apos;&#10;/Users/jesusdmedinac/.rvm/gems/ext-ruby-3.3.3/bin/bundle:25:in `load&apos;&#10;/Users/jesusdmedinac/.rvm/gems/ext-ruby-3.3.3/bin/bundle:25:in `&lt;main&gt;&apos;&#10;&#10;Shell command exited with exit status 1 instead of 0.&#10;Type-safe project accessors is an incubating feature.&#10;&gt; Task :composeApp:preBuild UP-TO-DATE&#10;&gt; Task :composeApp:preReleaseBuild UP-TO-DATE&#10;&gt; Task :composeApp:generateReleaseFeatureMetadata&#10;&gt; Task :composeApp:buildKotlinToolingMetadata&#10;&gt; Task :composeApp:checkKotlinGradlePluginConfigurationErrors SKIPPED&#10;&gt; Task :composeApp:generateBuildKonfig&#10;&gt; Task :composeApp:generateComposeResClass&#10;&gt; Task :composeApp:generateReleaseBuildConfig&#10;&gt; Task :composeApp:convertXmlValueResourcesForAndroidMain NO-SOURCE&#10;&gt; Task :composeApp:copyNonXmlValueResourcesForAndroidMain NO-SOURCE&#10;&gt; Task :composeApp:prepareComposeResourcesTaskForAndroidMain NO-SOURCE&#10;&gt; Task :composeApp:generateResourceAccessorsForAndroidMain NO-SOURCE&#10;&gt; Task :composeApp:convertXmlValueResourcesForAndroidRelease NO-SOURCE&#10;&gt; Task :composeApp:copyNonXmlValueResourcesForAndroidRelease NO-SOURCE&#10;&gt; Task :composeApp:prepareComposeResourcesTaskForAndroidRelease NO-SOURCE&#10;&gt; Task :composeApp:generateResourceAccessorsForAndroidRelease NO-SOURCE&#10;&gt; Task :composeApp:convertXmlValueResourcesForCommonMain&#10;&gt; Task :composeApp:copyNonXmlValueResourcesForCommonMain&#10;&gt; Task :composeApp:prepareComposeResourcesTaskForCommonMain UP-TO-DATE&#10;&gt; Task :composeApp:generateResourceAccessorsForCommonMain&#10;&gt; Task :composeApp:checkReleaseDuplicateClasses&#10;&gt; Task :composeApp:generateReleaseResValues&#10;&gt; Task :composeApp:checkReleaseAarMetadata&#10;&gt; Task :composeApp:injectCrashlyticsMappingFileIdRelease&#10;&gt; Task :composeApp:processReleaseGoogleServices&#10;&gt; Task :composeApp:mapReleaseSourceSetPaths&#10;&gt; Task :composeApp:generateReleaseResources&#10;&gt; Task :composeApp:packageReleaseResources&#10;&gt; Task :composeApp:createReleaseCompatibleScreenManifests&#10;&gt; Task :composeApp:extractDeepLinksRelease&#10;&gt; Task :composeApp:parseReleaseLocalResources&#10;&gt; Task :composeApp:processReleaseMainManifest&#10;&gt; Task :composeApp:processReleaseManifest&#10;&gt; Task :composeApp:javaPreCompileRelease&#10;&gt; Task :composeApp:extractProguardFiles&#10;&gt; Task :composeApp:mergeReleaseArtProfile&#10;&gt; Task :composeApp:androidReleaseResourcesCopyHierarchicalMultiplatformResources&#10;&gt; Task :composeApp:processApplicationManifestReleaseForBundle&#10;&gt; Task :composeApp:mergeReleaseResources&#10;&gt; Task :composeApp:mergeReleaseShaders&#10;&gt; Task :composeApp:compileReleaseShaders NO-SOURCE&#10;&gt; Task :composeApp:generateReleaseAssets UP-TO-DATE&#10;&gt; Task :composeApp:androidReleaseAssetsCopyHierarchicalMultiplatformResources&#10;&gt; Task :composeApp:releaseAssetsCopyForAGP NO-SOURCE&#10;&gt; Task :composeApp:mergeReleaseAssets&#10;&gt; Task :composeApp:mergeReleaseJniLibFolders&#10;&gt; Task :composeApp:mergeReleaseNativeLibs NO-SOURCE&#10;&gt; Task :composeApp:stripReleaseDebugSymbols NO-SOURCE&#10;&gt; Task :composeApp:writeReleaseAppMetadata&#10;&gt; Task :composeApp:collectReleaseDependencies&#10;&gt; Task :composeApp:configureReleaseDependencies&#10;&gt; Task :composeApp:extractReleaseNativeSymbolTables NO-SOURCE&#10;&gt; Task :composeApp:parseReleaseIntegrityConfig UP-TO-DATE&#10;&gt; Task :composeApp:validateSigningRelease&#10;&gt; Task :composeApp:processReleaseManifestForPackage&#10;&gt; Task :composeApp:processReleaseResources&#10;&gt; Task :composeApp:bundleReleaseResources&#10;&#10;&gt; Task :composeApp:compileReleaseKotlinAndroid FAILED&#10;e: file:///Users/jesusdmedinac/proyectos/mobileportfolio/Bubble/MVP/bubble/composeApp/src/commonMain/kotlin/di/KoinDI.kt:54:56 No value passed for parameter &apos;analytics&apos;.&#10;e: file:///Users/jesusdmedinac/proyectos/mobileportfolio/Bubble/MVP/bubble/composeApp/src/commonMain/kotlin/di/KoinDI.kt:55:43 No value passed for parameter &apos;analytics&apos;.&#10;&#10;FAILURE: Build failed with an exception.&#10;&#10;* What went wrong:&#10;Execution failed for task &apos;:composeApp:compileReleaseKotlinAndroid&apos;.&#10;&gt; A failure occurred while executing org.jetbrains.kotlin.compilerRunner.GradleCompilerRunnerWithWorkers$GradleKotlinCompilerWorkAction&#10;   &gt; Compilation error. See log for more details&#10;&#10;* Try:&#10;&gt; Run with --stacktrace option to get the stack trace.&#10;&gt; Run with --info or --debug option to get more log output.&#10;&gt; Run with --scan to get full insights.&#10;&gt; Get more help at https://help.gradle.org.&#10;&#10;Deprecated Gradle features were used in this build, making it incompatible with Gradle 9.0.&#10;&#10;You can use &apos;--warning-mode all&apos; to show the individual deprecation warnings and determine if they come from your own scripts or plugins.&#10;&#10;For more on this, please refer to https://docs.gradle.org/8.7/userguide/command_line_interface.html#sec:command_line_warnings in the Gradle documentation.&#10;&#10;BUILD FAILED in 5s&#10;40 actionable tasks: 38 executed, 2 up-to-date&#10;" />
        
      </testcase>
    
  </testsuite>
</testsuites>
